Default bit length for compilation: 63
Default security parameter for compilation: 40
Compiling file Programs/Source/ppai_bin_msr.mpc
Compiled 100000 lines at Thu Feb 19 21:22:31 2026
Compiled 200000 lines at Thu Feb 19 21:22:33 2026
Compiled 300000 lines at Thu Feb 19 21:22:35 2026
Compiled 400000 lines at Thu Feb 19 21:22:36 2026
Compiled 500000 lines at Thu Feb 19 21:22:38 2026
Compiled 600000 lines at Thu Feb 19 21:22:40 2026
Compiled 700000 lines at Thu Feb 19 21:22:43 2026
Compiled 800000 lines at Thu Feb 19 21:22:45 2026
Compiled 900000 lines at Thu Feb 19 21:22:47 2026
Compiled 1000000 lines at Thu Feb 19 21:22:49 2026
Compiled 1100000 lines at Thu Feb 19 21:22:51 2026
Compiled 1200000 lines at Thu Feb 19 21:22:52 2026
Compiled 1300000 lines at Thu Feb 19 21:22:55 2026
Compiled 1400000 lines at Thu Feb 19 21:22:57 2026
Compiled 1500000 lines at Thu Feb 19 21:22:58 2026
Compiled 1600000 lines at Thu Feb 19 21:23:01 2026
Compiled 1700000 lines at Thu Feb 19 21:23:03 2026
Compiled 1800000 lines at Thu Feb 19 21:23:03 2026
WARNING: Order of memory instructions not preserved, errors possible
Processed dependency of 1000000/1629067 instructions at Thu Feb 19 21:23:33 2026
Merging instructions...
Merging 12727 EQZ in round 1/9
Merging 15664 muls in round 2/9
Merging 15664 TruncPr in round 3/9
Merging 15664 muls in round 4/9
Merging 15664 TruncPr in round 5/9
Merging 203632 muls in round 8/9
Merging 203632 TruncPr in round 9/9
Topological sort ...
Done at Thu Feb 19 21:23:44 2026
Writing to Programs/Bytecode/ppai_bin_msr-489-490-4-13-13913-BitDecRing(31)(979)_31_31-1.bc
WARNING: Probabilistic truncation leaks some information, see https://eprint.iacr.org/2024/1127 for discussion. Use 'sfix.round_nearest = True' to deactivate this for fixed-point operations.
Writing to Programs/Bytecode/ppai_bin_msr-489-490-4-13-13913-TruncPr(2)_32_1-3.bc
Writing to Programs/Bytecode/ppai_bin_msr-489-490-4-13-13913-LTZ(2937)_32-5.bc
Writing to Programs/Bytecode/ppai_bin_msr-489-490-4-13-13913-EQZ(3916)_31-7.bc
Writing to Programs/Bytecode/ppai_bin_msr-489-490-4-13-13913-FPDiv(4)_31_16-9.bc
Writing to Programs/Bytecode/ppai_bin_msr-489-490-4-13-13913-TruncPr(48)_47_16-11.bc
Writing to Programs/Bytecode/ppai_bin_msr-489-490-4-13-13913-TruncPr(4)_47_16-13.bc
Writing to Programs/Bytecode/ppai_bin_msr-489-490-4-13-13913-EQZ(12727)_31-14.bc
Compiled 1900000 lines at Thu Feb 19 21:23:48 2026
Writing to Programs/Bytecode/ppai_bin_msr-489-490-4-13-13913-TruncPr(15664)_47_16-15.bc
Writing to Programs/Bytecode/ppai_bin_msr-489-490-4-13-13913-TruncPr(7832)_32_1-16.bc
Writing to Programs/Bytecode/ppai_bin_msr-489-490-4-13-13913-FPDiv(7832)_31_16-17.bc
Writing to Programs/Bytecode/ppai_bin_msr-489-490-4-13-13913-TruncPr(203632)_47_16-19.bc
Compiled 2000000 lines at Thu Feb 19 21:25:27 2026
Compiled 2100000 lines at Thu Feb 19 21:25:27 2026
Writing to Programs/Bytecode/ppai_bin_msr-489-490-4-13-13913-FPDiv(1)_31_16-20.bc
Writing to Programs/Bytecode/ppai_bin_msr-489-490-4-13-13913-TruncPr(2844)_47_16-21.bc
Writing to Programs/Bytecode/ppai_bin_msr-489-490-4-13-13913-TruncPr(237)_47_16-22.bc
Writing to Programs/Schedules/ppai_bin_msr-489-490-4-13-13913.sch
Writing to Programs/Bytecode/ppai_bin_msr-489-490-4-13-13913-0.bc
Hash: 441e3a8a08cf4fd98747c87e63882db2e9d9e57e1ef1ffce006fb0fa4a208c87
Program requires at most:
     2288261 integer inputs from player 0
     2288266 integer inputs from player 1
    15640789 integer bits
      572536 integer opens
    25370355 integer triples
     2512195 integer simple multiplications
         inf bit inverses
         248 integer shuffle generations
         496 integer shuffle applications
        1070 virtual machine rounds

================================================================================
SECURE MPC PRIVATE-PGM PIPELINE
================================================================================
SECURITY: No raw data leakage - full MPC + DP protection
================================================================================

================================================================================
VALIDATING PARTY DATA FILES
================================================================================
✓ Party 0: 489 samples, 5 columns
✓ Party 1: 490 samples, 5 columns

✓ All party files validated
  Total parties: 2
  Total samples: 979
  Features: 4
  Classes: 13

================================================================================
DOMAIN CONFIGURATION
================================================================================
Features: 4 (4 bins each)
Label: 13 classes

================================================================================
INITIALIZING SECURE MPC MODEL
================================================================================
configs {'ENSG00000105997.22': 4, 'ENSG00000253293.5': 4, 'ENSG00000078399.19': 4, 'ENSG00000106006.6': 4, 'label': 13}
================================================================================
SECURE MPC PRIVATE-PGM INITIALIZED
================================================================================
Total privacy budget: (ε=10.0, δ=1e-05)
Binning budget: (ε=5.0, δ=5e-06)
Marginals budget: (ε=5.0, δ=5e-06)
MPC parties: 2
================================================================================

================================================================================
TRAINING MODEL WITH MPC
================================================================================
All operations will be performed securely in MPC
Raw data will never be revealed
================================================================================

================================================================================
SECURE MPC TRAINING - NO DATA LEAKAGE
================================================================================

================================================================================
INTEGRATED MPC WORKFLOW: Binning → MSR (Standard, All Genes)
================================================================================
Preparing MPC input files in /home/daniilf/PRO-GENE-GEN/mpc_spdz/Player-Data...

Compiling integrated MPC protocol: ppai_bin_msr...
Compiling: cd /home/daniilf/PRO-GENE-GEN/mpc_spdz && ./compile.py -R 64 ppai_bin_msr 489 490 4 13 13913
Compilation successful: ppai_bin_msr

Executing integrated MPC protocol...

Parsing noisy marginals and bin means from output...
  DEBUG: Successfully parsed 16 bin means.

================================================================================
✓ Complete! Only noisy marginals and means revealed - binned data stayed secret
================================================================================


--------------------------------------------------------------------------------
STEP 3: PUBLIC INFERENCE ON NOISY STATISTICS
--------------------------------------------------------------------------------

DEBUG _convert_to_measurements:
  domain_keys: ['ENSG00000105997.22', 'ENSG00000253293.5', 'ENSG00000078399.19', 'ENSG00000106006.6', 'label']
  marginals_1way length: 29
  marginals_2way length: 208
  target_variable: label
  Processing 4 2-way cliques...
    Clique 0 ('ENSG00000105997.22', 'label'): marginal_size=52, indices [0:52]
      Got 52 values
    Clique 1 ('ENSG00000253293.5', 'label'): marginal_size=52, indices [52:104]
      Got 52 values
    Clique 2 ('ENSG00000078399.19', 'label'): marginal_size=52, indices [104:156]
      Got 52 values
    Clique 3 ('ENSG00000106006.6', 'label'): marginal_size=52, indices [156:208]
      Got 52 values

DEBUG: Created 9 total measurements
Total clique size: 208
Maximal clique ('ENSG00000078399.19', 'label') 52
iteration		time		l1_loss		l2_loss
0.00		0.00		6502.72		311723.48
50.00		0.19		4479.64		177765.19
100.00		0.38		4463.81		177341.22
150.00		0.57		4462.16		177285.64
200.00		0.76		4462.16		177269.46
250.00		0.94		4462.16		177263.08
300.00		1.13		4462.16		177260.18
350.00		1.32		4462.16		177258.78
400.00		1.51		4462.16		177258.05
450.00		1.70		4462.16		177257.64
500.00		1.89		4462.16		177257.39
550.00		2.08		4462.16		177257.24
600.00		2.27		4462.16		177257.14
650.00		2.46		4462.16		177257.07
700.00		2.65		4462.16		177257.02
750.00		2.84		4462.16		177256.99
800.00		3.03		4462.16		177256.96
850.00		3.22		4462.16		177256.94
900.00		3.41		4462.16		177256.92
950.00		3.60		4462.16		177256.91
1000.00		3.80		4462.16		177256.90
1050.00		3.99		4462.16		177256.89
1100.00		4.18		4462.16		177256.88
1150.00		4.37		4462.16		177256.88
1200.00		4.56		4462.16		177256.87
1250.00		4.75		4462.16		177256.86
1300.00		4.94		4462.16		177256.86
1350.00		5.13		4462.16		177256.86
1400.00		5.31		4462.16		177256.85
1450.00		5.51		4462.16		177256.85
1500.00		5.70		4462.16		177256.85
1550.00		5.88		4462.16		177256.84
1600.00		6.08		4462.16		177256.84
1650.00		6.26		4462.16		177256.84
1700.00		6.46		4462.16		177256.84
1750.00		6.64		4462.16		177256.84
1800.00		6.83		4462.16		177256.83
1850.00		7.02		4462.16		177256.83
1900.00		7.22		4462.16		177256.83
1950.00		7.40		4462.16		177256.83
2000.00		7.60		4462.16		177256.83
2050.00		7.79		4462.16		177256.83
2100.00		7.98		4462.16		177256.83
2150.00		8.17		4462.16		177256.83
2200.00		8.36		4462.16		177256.83
2250.00		8.55		4462.16		177256.83
2300.00		8.74		4462.16		177256.82
2350.00		8.93		4462.16		177256.82
2400.00		9.12		4462.16		177256.82
2450.00		9.31		4462.16		177256.82
2500.00		9.50		4462.16		177256.82
2550.00		9.69		4462.16		177256.82
2600.00		9.88		4462.16		177256.82
2650.00		10.07		4462.16		177256.82
2700.00		10.26		4462.16		177256.82
2750.00		10.46		4462.16		177256.82
2800.00		10.65		4462.16		177256.82
2850.00		10.84		4462.16		177256.82
2900.00		11.03		4462.16		177256.82
2950.00		11.22		4462.16		177256.82
3000.00		11.41		4462.16		177256.82
3050.00		11.60		4462.16		177256.82
3100.00		11.79		4462.16		177256.82
3150.00		11.98		4462.16		177256.82
3200.00		12.17		4462.16		177256.82
3250.00		12.36		4462.16		177256.82
3300.00		12.55		4462.16		177256.82
3350.00		12.74		4462.16		177256.82
3400.00		12.93		4462.16		177256.82
3450.00		13.12		4462.16		177256.82
3500.00		13.32		4462.16		177256.82
3550.00		13.51		4462.16		177256.82
3600.00		13.70		4462.16		177256.82
3650.00		13.89		4462.16		177256.82
3700.00		14.08		4462.16		177256.82
3750.00		14.27		4462.16		177256.81
3800.00		14.46		4462.16		177256.81
3850.00		14.65		4462.16		177256.81
3900.00		14.84		4462.16		177256.81
3950.00		15.04		4462.16		177256.81
4000.00		15.23		4462.16		177256.81
4050.00		15.42		4462.16		177256.81
4100.00		15.61		4462.16		177256.81
4150.00		15.80		4462.16		177256.81
4200.00		15.99		4462.16		177256.81
4250.00		16.18		4462.16		177256.81
4300.00		16.38		4462.16		177256.81
4350.00		16.57		4462.16		177256.81
4400.00		16.76		4462.16		177256.81
4450.00		16.95		4462.16		177256.81
4500.00		17.14		4462.16		177256.81
4550.00		17.33		4462.16		177256.81
4600.00		17.53		4462.16		177256.81
4650.00		17.72		4462.16		177256.81
4700.00		17.91		4462.16		177256.81
4750.00		18.10		4462.16		177256.81
4800.00		18.30		4462.16		177256.81
4850.00		18.49		4462.16		177256.81
4900.00		18.68		4462.16		177256.81
4950.00		18.87		4462.16		177256.81
5000.00		19.06		4462.16		177256.81
5050.00		19.25		4462.16		177256.81
5100.00		19.44		4462.16		177256.81
5150.00		19.64		4462.16		177256.81
5200.00		19.83		4462.16		177256.81
5250.00		20.02		4462.16		177256.81
5300.00		20.21		4462.16		177256.81
5350.00		20.40		4462.16		177256.81
5400.00		20.59		4462.16		177256.81
5450.00		20.86		4462.16		177256.81
5500.00		21.05		4462.16		177256.81
5550.00		21.24		4462.16		177256.81
5600.00		21.44		4462.16		177256.81
5650.00		21.63		4462.16		177256.81
5700.00		21.82		4462.16		177256.81
5750.00		22.01		4462.16		177256.81
5800.00		22.20		4462.16		177256.81
5850.00		22.40		4462.16		177256.81
5900.00		22.59		4462.16		177256.81
5950.00		22.78		4462.16		177256.81
6000.00		22.97		4462.16		177256.81
6050.00		23.16		4462.16		177256.81
6100.00		23.35		4462.16		177256.81
6150.00		23.55		4462.16		177256.81
6200.00		23.74		4462.16		177256.81
6250.00		23.93		4462.16		177256.81
6300.00		24.12		4462.16		177256.81
6350.00		24.32		4462.16		177256.81
6400.00		24.51		4462.16		177256.81
6450.00		24.70		4462.16		177256.81
6500.00		24.90		4462.16		177256.81
6550.00		25.09		4462.16		177256.81
6600.00		25.28		4462.16		177256.81
6650.00		25.47		4462.16		177256.81
6700.00		25.66		4462.16		177256.81
6750.00		25.86		4462.16		177256.81
6800.00		26.05		4462.16		177256.81
6850.00		26.24		4462.16		177256.81
6900.00		26.43		4462.16		177256.81
6950.00		26.62		4462.16		177256.81
7000.00		26.81		4462.16		177256.81
7050.00		27.01		4462.16		177256.81
7100.00		27.20		4462.16		177256.81
7150.00		27.39		4462.16		177256.81
7200.00		27.58		4462.16		177256.81
7250.00		27.77		4462.16		177256.81
7300.00		27.97		4462.16		177256.81
7350.00		28.16		4462.16		177256.81
7400.00		28.35		4462.16		177256.81
7450.00		28.54		4462.16		177256.81
7500.00		28.74		4462.16		177256.81
7550.00		28.93		4462.16		177256.81
7600.00		29.12		4462.16		177256.81
7650.00		29.31		4462.16		177256.81
7700.00		29.51		4462.16		177256.81
7750.00		29.70		4462.16		177256.81
7800.00		29.89		4462.16		177256.81
7850.00		30.09		4462.16		177256.81
7900.00		30.28		4462.16		177256.81
7950.00		30.47		4462.16		177256.81
8000.00		30.66		4462.16		177256.81
8050.00		30.85		4462.16		177256.81
8100.00		31.05		4462.16		177256.81
8150.00		31.24		4462.16		177256.81
8200.00		31.43		4462.16		177256.81
8250.00		31.62		4462.16		177256.81
8300.00		31.82		4462.16		177256.81
8350.00		32.01		4462.16		177256.81
8400.00		32.20		4462.16		177256.81
8450.00		32.39		4462.16		177256.81
8500.00		32.59		4462.16		177256.81
8550.00		32.78		4462.16		177256.81
8600.00		32.97		4462.16		177256.81
8650.00		33.16		4462.16		177256.81
8700.00		33.35		4462.16		177256.81
8750.00		33.55		4462.16		177256.81
8800.00		33.74		4462.16		177256.81
8850.00		33.93		4462.16		177256.81
8900.00		34.12		4462.16		177256.81
8950.00		34.32		4462.16		177256.81
9000.00		34.51		4462.16		177256.81
9050.00		34.70		4462.16		177256.81
9100.00		34.90		4462.16		177256.81
9150.00		35.09		4462.16		177256.81
9200.00		35.28		4462.16		177256.81
9250.00		35.47		4462.16		177256.81
9300.00		35.66		4462.16		177256.81
9350.00		35.86		4462.16		177256.81
9400.00		36.05		4462.16		177256.81
9450.00		36.24		4462.16		177256.81
9500.00		36.43		4462.16		177256.81
9550.00		36.62		4462.16		177256.81
9600.00		36.82		4462.16		177256.81
9650.00		37.01		4462.16		177256.81
9700.00		37.20		4462.16		177256.81
9750.00		37.39		4462.16		177256.81
9800.00		37.58		4462.16		177256.81
9850.00		37.77		4462.16		177256.81
9900.00		37.97		4462.16		177256.81
9950.00		38.16		4462.16		177256.81
✓ Model training completed

================================================================================
GENERATING SYNTHETIC DATA
================================================================================

Saving synthetic data to: synthetic_mpc_4.csv

================================================================================
PIPELINE COMPLETED SUCCESSFULLY
================================================================================
Synthetic data shape: (979, 5)
Output: synthetic_mpc_4.csv

SECURITY VERIFICATION:
  ✓ Raw data never left individual parties
  ✓ All binning done in MPC with DP noise
  ✓ All marginals computed in MPC with DP noise
  ✓ Only DP-protected statistics used for synthesis
  ✓ Privacy guarantee: (ε=10.0, δ=1e-05)-DP
================================================================================

 Secure synthetic data generated
 Privacy guarantee: (ε=10.0, δ=1e-05)-DP
✓ Output saved to: synthetic_mpc_4.csv
